PRT1
39
93
4 0 22 (27 0 107 ) (27 0 106 ) (133 0 106 ) (133 0 107 ) 
4 0 21 (133 0 106 ) (182 0 106 ) (182 0 107 ) (133 0 107 ) 
4 0 20 (182 0 106 ) (334 0 106 ) (334 0 107 ) (182 0 107 ) 
4 0 8 (334 61 106 ) (334 0 106 ) (27 0 106 ) (27 61 106 ) 
4 0 3 (27 61 106 ) (27 0 106 ) (27 0 107 ) (27 61 107 ) 
4 1 10 (0 202 107.512009 ) (0 244.863998 107.512009 ) (0 244.863998 106 ) (0 202 106 ) 
4 1 6 (20 202 106 ) (0 202 106 ) (0 244.863998 106 ) (20 244.863998 106 ) 
4 1 4 (27 244.863998 106 ) (27 202 106 ) (20 202 106 ) (20 244.863998 106 ) 
4 1 2 (27 202 106.500000 ) (27 202 107.512009 ) (0 202 107.512009 ) (0 202 106.500000 ) 
4 2 11 (0 199 107.512009 ) (0 202 107.512009 ) (0 202 106.500000 ) (0 199 106.500000 ) 
4 2 3 (27 199 106.500000 ) (27 199 107.512009 ) (0 199 107.512009 ) (0 199 106.500000 ) 
4 3 24 (0 0 107 ) (0 0 106 ) (20 0 106 ) (20 0 107 ) 
4 3 22 (20 0 106 ) (27 0 106 ) (27 0 107 ) (20 0 107 ) 
4 3 19 (0 0 107.512009 ) (0 0 107 ) (27 0 107 ) (27 0 107.512009 ) 
4 3 12 (0 0 106 ) (0 0 107.512009 ) (0 199 107.512009 ) (0 199 106 ) 
4 3 9 (20 0 106 ) (0 0 106 ) (0 61 106 ) (20 61 106 ) 
4 3 8 (27 61 106 ) (27 0 106 ) (20 0 106 ) (20 61 106 ) 
4 3 7 (20 61 106 ) (0 61 106 ) (0 199 106 ) (20 199 106 ) 
4 3 5 (27 199 106 ) (27 61 106 ) (20 61 106 ) (20 199 106 ) 
4 4 6 (20 202 2.488190 ) (20 202 106 ) (20 244.863998 106 ) (20 244.863998 2.488190 ) 
4 5 8 (27 61 2.488190 ) (27 61 106 ) (20 61 106 ) (20 61 2.488190 ) 
4 5 7 (20 61 2.488190 ) (20 61 106 ) (20 199 106 ) (20 199 2.488190 ) 
4 6 13 (0 202 106 ) (0 244.863998 106 ) (0 244.863998 2.488190 ) (0 202 2.488190 ) 
4 7 14 (0 61 106 ) (0 199 106 ) (0 199 2.488190 ) (0 61 2.488190 ) 
4 7 9 (20 61 2.488190 ) (20 61 106 ) (0 61 106 ) (0 61 2.488190 ) 
4 8 22 (20 0 2 ) (133 0 2 ) (133 0 106 ) (20 0 106 ) 
4 8 21 (133 0 2 ) (182 0 2 ) (182 0 106 ) (133 0 106 ) 
4 8 20 (182 0 2 ) (334 0 2 ) (334 0 106 ) (182 0 106 ) 
4 8 9 (20 61 106 ) (20 61 2.488190 ) (20 0 2.488190 ) (20 0 106 ) 
4 9 25 (0 0 105 ) (0 0 2.488190 ) (20 0 2.488190 ) (20 0 105 ) 
4 9 24 (0 0 106 ) (0 0 105 ) (20 0 105 ) (20 0 106 ) 
4 9 14 (0 0 2.488190 ) (0 0 106 ) (0 61 106 ) (0 61 2.488190 ) 
4 10 17 (-50 202 106 ) (-84 202 106 ) (-84 244.863998 106 ) (-50 244.863998 106 ) 
4 10 13 (0 244.863998 106 ) (0 202 106 ) (-50 202 106 ) (-50 244.863998 106 ) 
4 10 11 (0 202 106.500000 ) (0 202 107.512009 ) (-84 202 107.512009 ) (-84 202 106.500000 ) 
4 11 12 (0 199 106.500000 ) (0 199 107.512009 ) (-84 199 107.512009 ) (-84 199 106.500000 ) 
4 12 27 (0 0 106 ) (0 0 107.512009 ) (-84 0 107.512009 ) (-84 0 106 ) 
4 12 18 (-50 0 106 ) (-84 0 106 ) (-84 199 106 ) (-50 199 106 ) 
4 12 14 (0 199 106 ) (0 0 106 ) (-2 0 106 ) (-2 199 106 ) 
4 12 15 (-2 0 106 ) (-50 0 106 ) (-50 199 106 ) (-2 199 106 ) 
4 13 17 (-50 202 106 ) (-50 244.863998 106 ) (-50 244.863998 2.488190 ) (-50 202 2.488190 ) 
4 13 16 (-50 202 2.488190 ) (-50 207 2.488190 ) (-2 207 2.488190 ) (-2 202 2.488190 ) 
4 13 15 (-50 202 106 ) (-50 202 2.488190 ) (-2 202 2.488190 ) (-2 202 106 ) 
4 14 30 (0 0 2.488190 ) (0 0 3 ) (-2 0 3 ) (-2 0 2.488190 ) 
4 14 28 (0 0 3 ) (0 0 105 ) (-2 0 105 ) (-2 0 3 ) 
4 14 27 (0 0 105 ) (0 0 106 ) (-2 0 106 ) (-2 0 105 ) 
4 14 15 (-2 199 2.488190 ) (-2 0 2.488190 ) (-2 0 106 ) (-2 199 106 ) 
4 15 34 (-50 0 3 ) (-50 0 2.488190 ) (-9 0 2.488190 ) (-9 0 3 ) 
4 15 33 (-50 0 104.095001 ) (-50 0 3 ) (-9 0 3 ) (-9 0 104.095001 ) 
4 15 32 (-50 0 105 ) (-50 0 104.095001 ) (-9 0 104.095001 ) (-9 0 105 ) 
4 15 31 (-9 0 2.488190 ) (-2 0 2.488190 ) (-2 0 3 ) (-9 0 3 ) 
4 15 28 (-2 0 3 ) (-2 0 105 ) (-9 0 105 ) (-9 0 3 ) 
4 15 27 (-2 0 106 ) (-50 0 106 ) (-50 0 105 ) (-2 0 105 ) 
4 15 18 (-50 0 2.488190 ) (-50 0 106 ) (-50 199 106 ) (-50 199 2.488190 ) 
4 15 16 (-50 197 2.488190 ) (-50 202 2.488190 ) (-2 202 2.488190 ) (-2 197 2.488190 ) 
4 18 37 (-84 0 3 ) (-84 0 2.488190 ) (-57 0 2.488190 ) (-57 0 3 ) 
4 18 36 (-84 0 105 ) (-84 0 3 ) (-57 0 3 ) (-57 0 105 ) 
4 18 35 (-57 0 2.488190 ) (-50 0 2.488190 ) (-50 0 3 ) (-57 0 3 ) 
4 18 33 (-50 0 3 ) (-50 0 104.095001 ) (-57 0 104.095001 ) (-57 0 3 ) 
4 18 32 (-50 0 104.095001 ) (-50 0 105 ) (-57 0 105 ) (-57 0 104.095001 ) 
4 18 27 (-50 0 106 ) (-84 0 106 ) (-84 0 105 ) (-50 0 105 ) 
4 19 27 (0 0 107.512009 ) (0 0 107 ) (0 -30.864401 107 ) (0 -30.864401 107.512009 ) 
4 19 24 (0 -30.864401 107 ) (0 0 107 ) (20 0 107 ) (20 -30.864401 107 ) 
4 19 22 (20 0 107 ) (27 0 107 ) (27 -30.864401 107 ) (20 -30.864401 107 ) 
4 20 21 (182 -30 107 ) (182 0 107 ) (182 0 2 ) (182 -30 2 ) 
4 21 22 (133 -30 107 ) (133 0 107 ) (133 0 2 ) (133 -30 2 ) 
4 22 25 (20 0 105 ) (20 0 2.488190 ) (20 -31 2.488190 ) (20 -31 105 ) 
4 22 24 (20 -31 107 ) (20 0 107 ) (20 0 105 ) (20 -31 105 ) 
4 23 26 (20 -66.137711 2.905410 ) (20 -248.862000 2.905410 ) (20 -248.862000 104.095001 ) (20 -66.137711 104.095001 ) 
4 24 27 (0 0 107 ) (0 0 105 ) (0 -30.864401 105 ) (0 -30.864401 107 ) 
4 24 25 (0 0 105 ) (20 0 105 ) (20 -30.864401 105 ) (0 -30.864401 105 ) 
4 25 30 (0 0 3 ) (0 0 2.488190 ) (0 -30.864401 2.488190 ) (0 -30.864401 3 ) 
4 25 28 (0 0 105 ) (0 0 3 ) (0 -30.864401 3 ) (0 -30.864401 105 ) 
4 26 29 (0 -248.862000 104.095001 ) (0 -66.137711 104.095001 ) (0 -66.137711 2.905410 ) (0 -248.862000 2.905410 ) 
4 27 36 (-84 -30.864401 105 ) (-84 0 105 ) (-57 0 105 ) (-57 -30.864401 105 ) 
4 27 32 (-57 0 105 ) (-9 0 105 ) (-9 -30.864401 105 ) (-57 -30.864401 105 ) 
4 27 28 (-9 0 105 ) (0 0 105 ) (0 -30.864401 105 ) (-9 -30.864401 105 ) 
4 28 33 (-9 0 104.095001 ) (-9 0 3 ) (-9 -30.864401 3 ) (-9 -30.864401 104.095001 ) 
4 28 32 (-9 -30.864401 105 ) (-9 0 105 ) (-9 0 104.095001 ) (-9 -30.864401 104.095001 ) 
4 28 31 (-9 -30.864401 3 ) (-9 0 3 ) (-2 0 3 ) (-2 -30.864401 3 ) 
4 28 30 (-2 0 3 ) (0 0 3 ) (0 -30.864401 3 ) (-2 -30.864401 3 ) 
4 29 33 (-9 -66.137711 3 ) (-9 -248.862000 3 ) (-9 -248.862000 104.095001 ) (-9 -66.137711 104.095001 ) 
4 30 31 (-2 -30.864401 2.488190 ) (-2 -30.864401 3 ) (-2 0 3 ) (-2 0 2.488190 ) 
4 31 34 (-9 0 3 ) (-9 0 2.488190 ) (-9 -30.864401 2.488190 ) (-9 -30.864401 3 ) 
4 32 36 (-57 -30.864401 105 ) (-57 0 105 ) (-57 0 104.095001 ) (-57 -30.864401 104.095001 ) 
4 32 33 (-57 -75 104.095001 ) (-57 0 104.095001 ) (-9 0 104.095001 ) (-9 -75 104.095001 ) 
4 33 38 (-57 -248.862000 3 ) (-57 -248.862000 104.095001 ) (-57 -66.137711 104.095001 ) (-57 -66.137711 3 ) 
4 33 36 (-57 -30.864401 104.095001 ) (-57 0 104.095001 ) (-57 0 3 ) (-57 -30.864401 3 ) 
4 33 35 (-57 -30.864401 3 ) (-57 0 3 ) (-50 0 3 ) (-50 -30.864401 3 ) 
4 33 34 (-50 -30.864401 3 ) (-50 0 3 ) (-9 0 3 ) (-9 -30.864401 3 ) 
4 34 35 (-50 -30.864401 3 ) (-50 0 3 ) (-50 0 2.488190 ) (-50 -30.864401 2.488190 ) 
4 35 37 (-57 -30.864401 2.488190 ) (-57 -30.864401 3 ) (-57 0 3 ) (-57 0 2.488190 ) 
4 36 37 (-84 -30.864401 3 ) (-84 0 3 ) (-57 0 3 ) (-57 -30.864401 3 ) 
