PRT1
34
86
4 0 21 (0 154 54.622398 ) (0 195.863998 54.622398 ) (0 195.863998 53.202301 ) (0 154 53.202301 ) 
4 0 8 (29.213301 154 53.202301 ) (28 154 53.202301 ) (28 158 53.202301 ) (29.213301 158 53.202301 ) 
4 0 9 (28 154 53.202301 ) (0 154 53.202301 ) (0 158 53.202301 ) (28 158 53.202301 ) 
4 0 7 (0 158 53.202301 ) (0 195.863998 53.202301 ) (29.213301 195.863998 53.202301 ) (29.213301 158 53.202301 ) 
4 0 5 (51.213299 154 53.202301 ) (29.213301 154 53.202301 ) (29.213301 195.863998 53.202301 ) (51.213299 195.863998 53.202301 ) 
4 0 3 (58.213299 195.863998 53.202301 ) (58.213299 154 53.202301 ) (51.213299 154 53.202301 ) (51.213299 195.863998 53.202301 ) 
4 0 1 (58.213299 154 53.702301 ) (58.213299 154 54.622398 ) (0 154 54.622398 ) (0 154 53.702301 ) 
4 1 23 (0 151 54.622398 ) (0 154 54.622398 ) (0 154 53.702301 ) (0 151 53.702301 ) 
4 1 2 (58.213299 151 53.702301 ) (58.213299 151 54.622398 ) (0 151 54.622398 ) (0 151 53.702301 ) 
4 2 24 (0 12 53.202301 ) (0 12 54.622398 ) (0 151 54.622398 ) (0 151 53.202301 ) 
4 2 14 (0 12 54.622398 ) (0 12 53.202301 ) (29.213301 12 53.202301 ) (29.213301 12 54.622398 ) 
4 2 13 (29.213301 12 53.202301 ) (51.213299 12 53.202301 ) (51.213299 12 54.622398 ) (29.213301 12 54.622398 ) 
4 2 12 (51.213299 12 53.202301 ) (58 12 53.202301 ) (58 12 54.622398 ) (51.213299 12 54.622398 ) 
4 2 11 (29.213301 12 53.202301 ) (0 12 53.202301 ) (0 148 53.202301 ) (29.213301 148 53.202301 ) 
4 2 10 (0 148 53.202301 ) (0 151 53.202301 ) (29.213301 151 53.202301 ) (29.213301 148 53.202301 ) 
4 2 6 (51.213299 12 53.202301 ) (29.213301 12 53.202301 ) (29.213301 151 53.202301 ) (51.213299 151 53.202301 ) 
4 2 4 (58.213299 151 53.202301 ) (58.213299 12 53.202301 ) (51.213299 12 53.202301 ) (51.213299 151 53.202301 ) 
4 3 5 (51.213299 154 -50.401405 ) (51.213299 154 53.202301 ) (51.213299 195.863998 53.202301 ) (51.213299 195.863998 -50.401405 ) 
4 4 12 (58 12 53.202301 ) (51.213299 12 53.202301 ) (51.213299 12 -50.401405 ) (58 12 -50.401405 ) 
4 4 6 (51.213299 12 -50.401405 ) (51.213299 12 53.202301 ) (51.213299 151 53.202301 ) (51.213299 151 -50.401405 ) 
4 5 8 (29.213301 154 -50.401405 ) (29.213301 154 53.202301 ) (29.213301 158 53.202301 ) (29.213301 158 -50.401405 ) 
4 5 7 (29.213301 158 53.202301 ) (29.213301 195.863998 53.202301 ) (29.213301 195.863998 -50.401405 ) (29.213301 158 -50.401405 ) 
4 6 13 (51.213299 12 -50.401405 ) (51.213299 12 53.202301 ) (29.213301 12 53.202301 ) (29.213301 12 -50.401405 ) 
4 6 11 (29.213301 12 -50.401405 ) (29.213301 12 53.202301 ) (29.213301 148 53.202301 ) (29.213301 148 -50.401405 ) 
4 6 10 (29.213301 148 53.202301 ) (29.213301 151 53.202301 ) (29.213301 151 -50.401405 ) (29.213301 148 -50.401405 ) 
4 7 21 (0 158 53.202301 ) (0 195.863998 53.202301 ) (0 195.863998 -50.401405 ) (0 158 -50.401405 ) 
4 7 8 (29.213301 158 -50.401405 ) (29.213301 158 53.202301 ) (28 158 53.202301 ) (28 158 -50.401405 ) 
4 7 9 (28 158 53.202301 ) (0 158 53.202301 ) (0 158 -50.401405 ) (28 158 -50.401405 ) 
4 8 9 (28 158 53.202301 ) (28 158 -50.889599 ) (28 154 -50.889599 ) (28 154 53.202301 ) 
4 9 26 (0 154 -50.401405 ) (0 154 -50.889599 ) (0 151 -50.889599 ) (0 151 -50.401405 ) 
4 9 25 (0 151 53.202301 ) (0 154 53.202301 ) (0 154 -50.401405 ) (0 151 -50.401405 ) 
4 9 22 (0 158 -50.401405 ) (0 158 -50.889599 ) (0 154 -50.889599 ) (0 154 -50.401405 ) 
4 9 21 (0 154 53.202301 ) (0 158 53.202301 ) (0 158 -50.401405 ) (0 154 -50.401405 ) 
4 9 10 (0 151 -50.889599 ) (28 151 -50.889599 ) (28 151 53.202301 ) (0 151 53.202301 ) 
4 10 26 (0 151 -50.401405 ) (0 151 -50.889599 ) (0 148 -50.889599 ) (0 148 -50.401405 ) 
4 10 25 (0 148 53.202301 ) (0 151 53.202301 ) (0 151 -50.401405 ) (0 148 -50.401405 ) 
4 10 11 (29.213301 148 -50.401405 ) (29.213301 148 53.202301 ) (0 148 53.202301 ) (0 148 -50.401405 ) 
4 11 25 (0 12 -50.401405 ) (0 12 53.202301 ) (0 148 53.202301 ) (0 148 -50.401405 ) 
4 11 14 (0 12 53.202301 ) (0 12 -50.401405 ) (29.213301 12 -50.401405 ) (29.213301 12 53.202301 ) 
4 12 15 (58 0 -50.889599 ) (58 0 54.622398 ) (51.213299 0 54.622398 ) (51.213299 0 -50.889599 ) 
4 12 13 (51.213299 12 54.622398 ) (51.213299 12 -50.401405 ) (51.213299 0 -50.401405 ) (51.213299 0 54.622398 ) 
4 13 19 (51.213299 0 -50.401405 ) (51.213299 0 -49.889599 ) (29.213301 0 -49.889599 ) (29.213301 0 -50.401405 ) 
4 13 17 (51.213299 0 -49.889599 ) (51.213299 0 52.110405 ) (29.213301 0 52.110405 ) (29.213301 0 -49.889599 ) 
4 13 16 (51.213299 0 52.110405 ) (51.213299 0 54.622398 ) (29.213301 0 54.622398 ) (29.213301 0 52.110405 ) 
4 13 14 (29.213301 12 54.622398 ) (29.213301 12 -50.401405 ) (29.213301 0 -50.401405 ) (29.213301 0 54.622398 ) 
4 14 25 (0 0 -50.401405 ) (0 0 53.202301 ) (0 12 53.202301 ) (0 12 -50.401405 ) 
4 14 24 (0 0 53.202301 ) (0 0 54.622398 ) (0 12 54.622398 ) (0 12 53.202301 ) 
4 14 20 (29.213301 0 -50.401405 ) (29.213301 0 -49.889599 ) (0 0 -49.889599 ) (0 0 -50.401405 ) 
4 14 17 (29.213301 0 -49.889599 ) (29.213301 0 52.110405 ) (0 0 52.110405 ) (0 0 -49.889599 ) 
4 14 16 (29.213301 0 52.110405 ) (29.213301 0 54.622398 ) (0 0 54.622398 ) (0 0 52.110405 ) 
4 15 19 (51.213299 0 -49.889599 ) (51.213299 0 -50.401405 ) (51.213299 -80 -50.401405 ) (51.213299 -80 -49.889599 ) 
4 15 17 (51.213299 0 52.110405 ) (51.213299 0 -49.889599 ) (51.213299 -80 -49.889599 ) (51.213299 -80 52.110405 ) 
4 15 16 (51.213299 0 54.622398 ) (51.213299 0 52.110405 ) (51.213299 -80 52.110405 ) (51.213299 -80 54.622398 ) 
4 16 29 (0 -79.864403 54.622398 ) (0 0 54.622398 ) (0 0 52.110405 ) (0 -79.864403 52.110405 ) 
4 16 17 (0 0 52.110405 ) (51.213299 0 52.110405 ) (51.213299 -79.864403 52.110405 ) (0 -79.864403 52.110405 ) 
4 17 30 (0 -79.864403 52.110405 ) (0 0 52.110405 ) (0 0 -49.889599 ) (0 -79.864403 -49.889599 ) 
4 17 20 (0 -79.864403 -49.889599 ) (0 0 -49.889599 ) (29.213301 0 -49.889599 ) (29.213301 -79.864403 -49.889599 ) 
4 17 19 (29.213301 0 -49.889599 ) (51.213299 0 -49.889599 ) (51.213299 -79.864403 -49.889599 ) (29.213301 -79.864403 -49.889599 ) 
4 17 18 (0 -79.864403 -49.889599 ) (22.213301 -79.864403 -49.889599 ) (22.213301 -79.864403 52.110405 ) (0 -79.864403 52.110405 ) 
4 18 31 (0 -81 52.110405 ) (0 -79.864403 52.110405 ) (0 -79.864403 -49.889599 ) (0 -81 -49.889599 ) 
4 19 20 (29.213301 -79.864403 -49.889599 ) (29.213301 0 -49.889599 ) (29.213301 0 -50.401405 ) (29.213301 -79.864403 -50.401405 ) 
4 20 32 (0 -79.864403 -49.889599 ) (0 0 -49.889599 ) (0 0 -50.401405 ) (0 -79.864403 -50.401405 ) 
4 21 27 (-18.786701 154 53.202301 ) (-20 154 53.202301 ) (-20 154 -50.401405 ) (-18.786701 154 -50.401405 ) 
4 21 25 (0 154 -50.401405 ) (0 154 53.202301 ) (-18.786701 154 53.202301 ) (-18.786701 154 -50.401405 ) 
4 21 23 (0 154 53.702301 ) (0 154 54.622398 ) (-52.786705 154 54.622398 ) (-52.786705 154 53.702301 ) 
4 21 22 (0 154 -50.401405 ) (-18.786701 154 -50.401405 ) (-18.786701 158 -50.401405 ) (0 158 -50.401405 ) 
4 22 26 (0 154 -50.889599 ) (0 154 -50.401405 ) (-18.786701 154 -50.401405 ) (-18.786701 154 -50.889599 ) 
4 23 24 (0 151 53.702301 ) (0 151 54.622398 ) (-52.786705 151 54.622398 ) (-52.786705 151 53.702301 ) 
4 24 29 (0 0 53.202301 ) (0 0 54.622398 ) (-52.786705 0 54.622398 ) (-52.786705 0 53.202301 ) 
4 24 28 (-52.786705 151 53.202301 ) (-18.786701 151 53.202301 ) (-18.786701 0 53.202301 ) (-52.786705 0 53.202301 ) 
4 24 25 (-18.786701 151 53.202301 ) (0 151 53.202301 ) (0 0 53.202301 ) (-18.786701 0 53.202301 ) 
4 25 32 (0 0 -50.401405 ) (0 0 -49.889599 ) (-18.786701 0 -49.889599 ) (-18.786701 0 -50.401405 ) 
4 25 30 (0 0 -49.889599 ) (0 0 52.110405 ) (-18.786701 0 52.110405 ) (-18.786701 0 -49.889599 ) 
4 25 29 (0 0 52.110405 ) (0 0 53.202301 ) (-18.786701 0 53.202301 ) (-18.786701 0 52.110405 ) 
4 25 28 (-18.786701 0 -50.401405 ) (-18.786701 0 53.202301 ) (-18.786701 151 53.202301 ) (-18.786701 151 -50.401405 ) 
4 25 27 (-18.786701 151 53.202301 ) (-18.786701 154 53.202301 ) (-18.786701 154 -50.401405 ) (-18.786701 151 -50.401405 ) 
4 25 26 (-18.786701 148 -50.401405 ) (-18.786701 154 -50.401405 ) (0 154 -50.401405 ) (0 148 -50.401405 ) 
4 27 28 (-18.786701 151 -50.401405 ) (-18.786701 151 53.202301 ) (-20 151 53.202301 ) (-20 151 -50.401405 ) 
4 28 33 (-18.786701 0 -50.401405 ) (-18.786701 0 -49.889599 ) (-52.786705 0 -49.889599 ) (-52.786705 0 -50.401405 ) 
4 28 30 (-18.786701 0 -49.889599 ) (-18.786701 0 52.110405 ) (-52.786705 0 52.110405 ) (-52.786705 0 -49.889599 ) 
4 28 29 (-18.786701 0 52.110405 ) (-18.786701 0 53.202301 ) (-52.786705 0 53.202301 ) (-52.786705 0 52.110405 ) 
4 29 30 (-52.786705 -79.864403 52.110405 ) (-52.786705 0 52.110405 ) (0 0 52.110405 ) (0 -79.864403 52.110405 ) 
4 30 33 (-52.786705 -79.864403 -49.889599 ) (-52.786705 0 -49.889599 ) (-18.786701 0 -49.889599 ) (-18.786701 -79.864403 -49.889599 ) 
4 30 32 (-18.786701 0 -49.889599 ) (0 0 -49.889599 ) (0 -79.864403 -49.889599 ) (-18.786701 -79.864403 -49.889599 ) 
4 30 31 (-25.786701 -79.864403 -49.889599 ) (0 -79.864403 -49.889599 ) (0 -79.864403 52.110405 ) (-25.786701 -79.864403 52.110405 ) 
4 32 33 (-18.786701 -79.864403 -49.889599 ) (-18.786701 0 -49.889599 ) (-18.786701 0 -50.401405 ) (-18.786701 -79.864403 -50.401405 ) 
