


materialPath: D:\SteamLibrary\steamapps\common\Half-Life 2\hl2\materials
Loading e:\map 1\map2.vmf
Could not locate 'GameData' key in d:\steamlibrary\steamapps\common\half-life 2\hl2\gameinfo.txt
fixing up env_cubemap materials on brush sides...
0...1...2...3...4...5...6...7...8...9...100...1...2...3...4...5...6...7...8...9...10Processing areas...done (0)
Building Faces...done (0)
FixTjuncs...
PruneNodes...
WriteBSP...
done (0)
writing e:\map 1\map2.prt...Building visibility clusters...
done (0)
Creating default LDR cubemaps for env_cubemap using skybox materials:
   skybox/sky_day01_01*.vmt
 ! Run buildcubemaps in the engine to get the correct cube maps.
Creating default HDR cubemaps for env_cubemap using skybox materials:
   skybox/sky_day01_01*.vmt
 ! Run buildcubemaps in the engine to get the correct cube maps.
Finding displacement neighbors...
Finding lightmap sample positions...
Displacement Alpha : 0...1...2...3...4...5...6...7...8...9...10
Building Physics collision data...
done (0) (2278 bytes)
Placing detail props : 0...1...2...3...4...5...6...7...8...9...10
Compacting texture/material tables...
Reduced 3 texinfos to 3
Reduced 1 texdatas to 1 (18 bytes to 18)
Writing e:\map 1\map2.bsp
0 seconds elapsed



8 threads
reading e:\map 1\map2.bsp
reading e:\map 1\map2.prt
   4 portalclusters
   4 numportals
0...1...2...3...4...5...6...7...8...9...100...1...2...3...4...5...6...7...8...9...10Optimized: 0 visible clusters (0.00%)
Total clusters visible: 16
Average clusters visible: 4
Building PAS...
Average clusters audible: 4
visdatasize:44  compressed from 64
writing e:\map 1\map2.bsp
0 seconds elapsed



[Reading texlights from 'lights.rad']
[45 texlights parsed from 'lights.rad']

Loading e:\map 1\map2.bsp
22 faces
14848 square feet [2138112.00 square inches]
0 Displacements
0 Square Feet [0.00 Square Inches]
22 patches before subdivision
1962 patches after subdivision
0 direct lights
0...1...2...3...4...5...6...7...8...9...100...1...2...3...4...5...6...7...8...9...10transfers 195880, max 235
transfer lists:   1.5 megs
0...1...2...3...4...5...6...7...8...9...10	Bounce #1 added RGB(0, 0, 0)
Build Patch/Sample Hash Table(s).....Done<0.0004 sec>
0...1...2...3...4...5...6...7...8...9...10FinalLightFace Done
0 of 0 (0% of) surface lights went in leaf ambient cubes.
0...1...2...3...4...5...6...7...8...9...10Writing leaf ambient...done
Ready to Finish

Object names       Objects/Maxobjs  Memory / Maxmem  Fullness 
------------       ---------------  ---------------  -------- 
models                   1/1024           48/49152    ( 0.1%) 
brushes                  6/8192           72/98304    ( 0.1%) 
brushsides              36/65536         288/524288   ( 0.1%) 
planes                  40/65536         800/1310720  ( 0.1%) 
vertexes                41/65536         492/786432   ( 0.1%) 
nodes                   27/65536         864/2097152  ( 0.0%) 
texinfos                 3/12288         216/884736   ( 0.0%) 
texdata                  1/2048           32/65536    ( 0.0%) 
dispinfos                0/0               0/0        ( 0.0%) 
disp_verts               0/0               0/0        ( 0.0%) 
disp_tris                0/0               0/0        ( 0.0%) 
disp_lmsamples           0/0               0/0        ( 0.0%) 
faces                   22/65536        1232/3670016  ( 0.0%) 
hdr faces                0/65536           0/3670016  ( 0.0%) 
origfaces                6/65536         336/3670016  ( 0.0%) 
leaves                  29/65536         928/2097152  ( 0.0%) 
leaffaces               22/65536          44/131072   ( 0.0%) 
leafbrushes             16/65536          32/131072   ( 0.0%) 
areas                    2/256            16/2048     ( 0.8%) 
surfedges              112/512000        448/2048000  ( 0.0%) 
edges                   69/256000        276/1024000  ( 0.0%) 
LDR worldlights          0/8192            0/720896   ( 0.0%) 
HDR worldlights          0/8192            0/720896   ( 0.0%) 
leafwaterdata            0/32768           0/393216   ( 0.0%) 
waterstrips              0/32768           0/327680   ( 0.0%) 
waterverts               0/65536           0/786432   ( 0.0%) 
waterindices             0/65536           0/131072   ( 0.0%) 
cubemapsamples           0/1024            0/16384    ( 0.0%) 
overlays                 0/512             0/180224   ( 0.0%) 
LDR lightdata         [variable]       37040/0        ( 0.0%) 
HDR lightdata         [variable]           0/0        ( 0.0%) 
visdata               [variable]          44/16777216 ( 0.0%) 
entdata               [variable]         842/393216   ( 0.2%) 
LDR ambient table       29/65536         116/262144   ( 0.0%) 
HDR ambient table       29/65536         116/262144   ( 0.0%) 
LDR leaf ambient         4/65536         112/1835008  ( 0.0%) 
HDR leaf ambient        29/65536         812/1835008  ( 0.0%) 
occluders                0/0               0/0        ( 0.0%) 
occluder polygons        0/0               0/0        ( 0.0%) 
occluder vert ind        0/0               0/0        ( 0.0%) 
detail props          [variable]           1/12       ( 8.3%) 
static props          [variable]           1/12       ( 8.3%) 
pakfile               [variable]      105647/0        ( 0.0%) 
physics               [variable]        2278/4194304  ( 0.1%) 
physics terrain       [variable]           2/1048576  ( 0.0%) 

Level flags = 0

Total triangle count: 44
Writing e:\map 1\map2.bsp
0 seconds elapsed



materialPath: D:\SteamLibrary\steamapps\common\Half-Life 2\hl2\materials
Loading e:\map 1\map2.vmf
ConVarRef mat_reduceparticles doesn't point to an existing ConVar
Could not locate 'GameData' key in d:\steamlibrary\steamapps\common\half-life 2\hl2\gameinfo.txt
fixing up env_cubemap materials on brush sides...
0...1...2...3...4...5...6...7...8...9...100...1...2...3...4...5...6...7...8...9...10Processing areas...done (0)
Building Faces...done (0)
FixTjuncs...
PruneNodes...
WriteBSP...
done (0)
writing e:\map 1\map2.prt...Building visibility clusters...
done (0)
Creating default LDR cubemaps for env_cubemap using skybox materials:
   skybox/sky_day01_01*.vmt
 ! Run buildcubemaps in the engine to get the correct cube maps.
Creating default HDR cubemaps for env_cubemap using skybox materials:
   skybox/sky_day01_01*.vmt
 ! Run buildcubemaps in the engine to get the correct cube maps.
Finding displacement neighbors...
Finding lightmap sample positions...
Displacement Alpha : 0...1...2...3...4...5...6...7...8...9...10
Building Physics collision data...
done (0) (2281 bytes)
Placing detail props : 0...1...2...3...4...5...6...7...8...9...10
Compacting texture/material tables...
Reduced 3 texinfos to 3
Reduced 1 texdatas to 1 (26 bytes to 26)
Writing e:\map 1\map2.bsp
0 seconds elapsed



8 threads
reading e:\map 1\map2.bsp
reading e:\map 1\map2.prt
   4 portalclusters
   4 numportals
0...1...2...3...4...5...6...7...8...9...100...1...2...3...4...5...6...7...8...9...10Optimized: 0 visible clusters (0.00%)
Total clusters visible: 16
Average clusters visible: 4
Building PAS...
Average clusters audible: 4
visdatasize:44  compressed from 64
writing e:\map 1\map2.bsp
0 seconds elapsed



[Reading texlights from 'lights.rad']
[45 texlights parsed from 'lights.rad']

Loading e:\map 1\map2.bsp
16 faces
32663 square feet [4703598.00 square inches]
0 Displacements
0 Square Feet [0.00 Square Inches]
16 patches before subdivision
16 patches after subdivision
0 direct lights
0...1...2...3...4...5...6...7...8...9...100...1...2...3...4...5...6...7...8...9...10transfers 208, max 14
transfer lists:   0.0 megs
0...1...2...3...4...5...6...7...8...9...10	Bounce #1 added RGB(0, 0, 0)
Build Patch/Sample Hash Table(s).....Done<0.0000 sec>
0...1...2...3...4...5...6...7...8...9...10FinalLightFace Done
0 of 0 (0% of) surface lights went in leaf ambient cubes.
0...1...2...3...4...5...6...7...8...9...10Writing leaf ambient...done
Ready to Finish

Object names       Objects/Maxobjs  Memory / Maxmem  Fullness 
------------       ---------------  ---------------  -------- 
models                   1/1024           48/49152    ( 0.1%) 
brushes                  6/8192           72/98304    ( 0.1%) 
brushsides              36/65536         288/524288   ( 0.1%) 
planes                  40/65536         800/1310720  ( 0.1%) 
vertexes                35/65536         420/786432   ( 0.1%) 
nodes                   27/65536         864/2097152  ( 0.0%) 
texinfos                 3/12288         216/884736   ( 0.0%) 
texdata                  1/2048           32/65536    ( 0.0%) 
dispinfos                0/0               0/0        ( 0.0%) 
disp_verts               0/0               0/0        ( 0.0%) 
disp_tris                0/0               0/0        ( 0.0%) 
disp_lmsamples           0/0               0/0        ( 0.0%) 
faces                   16/65536         896/3670016  ( 0.0%) 
hdr faces                0/65536           0/3670016  ( 0.0%) 
origfaces                6/65536         336/3670016  ( 0.0%) 
leaves                  29/65536         928/2097152  ( 0.0%) 
leaffaces               16/65536          32/131072   ( 0.0%) 
leafbrushes             16/65536          32/131072   ( 0.0%) 
areas                    2/256            16/2048     ( 0.8%) 
surfedges               88/512000        352/2048000  ( 0.0%) 
edges                   57/256000        228/1024000  ( 0.0%) 
LDR worldlights          0/8192            0/720896   ( 0.0%) 
HDR worldlights          0/8192            0/720896   ( 0.0%) 
leafwaterdata            0/32768           0/393216   ( 0.0%) 
waterstrips              0/32768           0/327680   ( 0.0%) 
waterverts               0/65536           0/786432   ( 0.0%) 
waterindices             0/65536           0/131072   ( 0.0%) 
cubemapsamples           0/1024            0/16384    ( 0.0%) 
overlays                 0/512             0/180224   ( 0.0%) 
LDR lightdata         [variable]           0/0        ( 0.0%) 
HDR lightdata         [variable]           0/0        ( 0.0%) 
visdata               [variable]          44/16777216 ( 0.0%) 
entdata               [variable]         951/393216   ( 0.2%) 
LDR ambient table       29/65536         116/262144   ( 0.0%) 
HDR ambient table       29/65536         116/262144   ( 0.0%) 
LDR leaf ambient         4/65536         112/1835008  ( 0.0%) 
HDR leaf ambient        29/65536         812/1835008  ( 0.0%) 
occluders                0/0               0/0        ( 0.0%) 
occluder polygons        0/0               0/0        ( 0.0%) 
occluder vert ind        0/0               0/0        ( 0.0%) 
detail props          [variable]           1/12       ( 8.3%) 
static props          [variable]           1/12       ( 8.3%) 
pakfile               [variable]      105647/0        ( 0.0%) 
physics               [variable]        2281/4194304  ( 0.1%) 
physics terrain       [variable]           2/1048576  ( 0.0%) 

Level flags = 0

Total triangle count: 32
Writing e:\map 1\map2.bsp
0 seconds elapsed



materialPath: D:\SteamLibrary\steamapps\common\Half-Life 2\hl2\materials
Loading e:\map 1\map2.vmf
ConVarRef mat_reduceparticles doesn't point to an existing ConVar
Could not locate 'GameData' key in d:\steamlibrary\steamapps\common\half-life 2\hl2\gameinfo.txt
fixing up env_cubemap materials on brush sides...
0...1...2...3...4...5...6...7...8...9...100...1...2...3...4...5...6...7...8...9...10Processing areas...done (0)
Building Faces...done (0)
FixTjuncs...
PruneNodes...
WriteBSP...
done (0)
writing e:\map 1\map2.prt...Building visibility clusters...
done (0)
Creating default LDR cubemaps for env_cubemap using skybox materials:
   skybox/sky_day01_01*.vmt
 ! Run buildcubemaps in the engine to get the correct cube maps.
Creating default HDR cubemaps for env_cubemap using skybox materials:
   skybox/sky_day01_01*.vmt
 ! Run buildcubemaps in the engine to get the correct cube maps.
Finding displacement neighbors...
Finding lightmap sample positions...
Displacement Alpha : 0...1...2...3...4...5...6...7...8...9...10
Building Physics collision data...
done (0) (2836 bytes)
Placing detail props : 0...1...2...3...4...5...6...7...8...9...10
Compacting texture/material tables...
Reduced 9 texinfos to 6
Reduced 2 texdatas to 2 (45 bytes to 45)
Writing e:\map 1\map2.bsp
0 seconds elapsed



8 threads
reading e:\map 1\map2.bsp
reading e:\map 1\map2.prt
   6 portalclusters
   7 numportals
0...1...2...3...4...5...6...7...8...9...100...1...2...3...4...5...6...7...8...9...10Optimized: 0 visible clusters (0.00%)
Total clusters visible: 36
Average clusters visible: 6
Building PAS...
Average clusters audible: 6
visdatasize:64  compressed from 96
writing e:\map 1\map2.bsp
0 seconds elapsed



[Reading texlights from 'lights.rad']
[45 texlights parsed from 'lights.rad']

Loading e:\map 1\map2.bsp
28 faces
42135 square feet [6067456.00 square inches]
0 Displacements
0 Square Feet [0.00 Square Inches]
28 patches before subdivision
28 patches after subdivision
0 direct lights
0...1...2...3...4...5...6...7...8...9...100...1...2...3...4...5...6...7...8...9...10transfers 432, max 20
transfer lists:   0.0 megs
0...1...2...3...4...5...6...7...8...9...10	Bounce #1 added RGB(0, 0, 0)
Build Patch/Sample Hash Table(s).....Done<0.0000 sec>
0...1...2...3...4...5...6...7...8...9...10FinalLightFace Done
0 of 0 (0% of) surface lights went in leaf ambient cubes.
0...1...2...3...4...5...6...7...8...9...10Writing leaf ambient...done
Ready to Finish

Object names       Objects/Maxobjs  Memory / Maxmem  Fullness 
------------       ---------------  ---------------  -------- 
models                   2/1024           96/49152    ( 0.2%) 
brushes                  7/8192           84/98304    ( 0.1%) 
brushsides              42/65536         336/524288   ( 0.1%) 
planes                  74/65536        1480/1310720  ( 0.1%) 
vertexes                49/65536         588/786432   ( 0.1%) 
nodes                   43/65536        1376/2097152  ( 0.1%) 
texinfos                 6/12288         432/884736   ( 0.0%) 
texdata                  2/2048           64/65536    ( 0.1%) 
dispinfos                0/0               0/0        ( 0.0%) 
disp_verts               0/0               0/0        ( 0.0%) 
disp_tris                0/0               0/0        ( 0.0%) 
disp_lmsamples           0/0               0/0        ( 0.0%) 
faces                   28/65536        1568/3670016  ( 0.0%) 
hdr faces                0/65536           0/3670016  ( 0.0%) 
origfaces               12/65536         672/3670016  ( 0.0%) 
leaves                  46/65536        1472/2097152  ( 0.1%) 
leaffaces               28/65536          56/131072   ( 0.0%) 
leafbrushes             23/65536          46/131072   ( 0.0%) 
areas                    2/256            16/2048     ( 0.8%) 
surfedges              160/512000        640/2048000  ( 0.0%) 
edges                   93/256000        372/1024000  ( 0.0%) 
LDR worldlights          0/8192            0/720896   ( 0.0%) 
HDR worldlights          0/8192            0/720896   ( 0.0%) 
leafwaterdata            0/32768           0/393216   ( 0.0%) 
waterstrips              0/32768           0/327680   ( 0.0%) 
waterverts               0/65536           0/786432   ( 0.0%) 
waterindices             0/65536           0/131072   ( 0.0%) 
cubemapsamples           0/1024            0/16384    ( 0.0%) 
overlays                 0/512             0/180224   ( 0.0%) 
LDR lightdata         [variable]           0/0        ( 0.0%) 
HDR lightdata         [variable]           0/0        ( 0.0%) 
visdata               [variable]          64/16777216 ( 0.0%) 
entdata               [variable]        1033/393216   ( 0.3%) 
LDR ambient table       46/65536         184/262144   ( 0.1%) 
HDR ambient table       46/65536         184/262144   ( 0.1%) 
LDR leaf ambient        12/65536         336/1835008  ( 0.0%) 
HDR leaf ambient        46/65536        1288/1835008  ( 0.1%) 
occluders                0/0               0/0        ( 0.0%) 
occluder polygons        0/0               0/0        ( 0.0%) 
occluder vert ind        0/0               0/0        ( 0.0%) 
detail props          [variable]           1/12       ( 8.3%) 
static props          [variable]           1/12       ( 8.3%) 
pakfile               [variable]      105647/0        ( 0.0%) 
physics               [variable]        2836/4194304  ( 0.1%) 
physics terrain       [variable]           2/1048576  ( 0.0%) 

Level flags = 0

Total triangle count: 56
Writing e:\map 1\map2.bsp
1 second elapsed



materialPath: D:\SteamLibrary\steamapps\common\Half-Life 2\hl2\materials
Loading e:\map 1\map2.vmf
ConVarRef mat_reduceparticles doesn't point to an existing ConVar
Could not locate 'GameData' key in d:\steamlibrary\steamapps\common\half-life 2\hl2\gameinfo.txt
fixing up env_cubemap materials on brush sides...
0...1...2...3...4...5...6...7...8...9...100...1...2...3...4...5...6...7...8...9...10Processing areas...done (0)
Building Faces...done (0)
FixTjuncs...
PruneNodes...
WriteBSP...
done (0)
writing e:\map 1\map2.prt...Building visibility clusters...
done (0)
Creating default LDR cubemaps for env_cubemap using skybox materials:
   skybox/sky_day01_01*.vmt
 ! Run buildcubemaps in the engine to get the correct cube maps.
Creating default HDR cubemaps for env_cubemap using skybox materials:
   skybox/sky_day01_01*.vmt
 ! Run buildcubemaps in the engine to get the correct cube maps.
Finding displacement neighbors...
Finding lightmap sample positions...
Displacement Alpha : 0...1...2...3...4...5...6...7...8...9...10
Building Physics collision data...
done (0) (2836 bytes)
Placing detail props : 0...1...2...3...4...5...6...7...8...9...10
Compacting texture/material tables...
Reduced 9 texinfos to 6
Reduced 2 texdatas to 2 (45 bytes to 45)
Writing e:\map 1\map2.bsp
0 seconds elapsed



8 threads
reading e:\map 1\map2.bsp
reading e:\map 1\map2.prt
   6 portalclusters
   7 numportals
0...1...2...3...4...5...6...7...8...9...100...1...2...3...4...5...6...7...8...9...10Optimized: 0 visible clusters (0.00%)
Total clusters visible: 36
Average clusters visible: 6
Building PAS...
Average clusters audible: 6
visdatasize:64  compressed from 96
writing e:\map 1\map2.bsp
0 seconds elapsed



[Reading texlights from 'lights.rad']
[45 texlights parsed from 'lights.rad']

Loading e:\map 1\map2.bsp
28 faces
42135 square feet [6067456.00 square inches]
0 Displacements
0 Square Feet [0.00 Square Inches]
28 patches before subdivision
28 patches after subdivision
0 direct lights
0...1...2...3...4...5...6...7...8...9...100...1...2...3...4...5...6...7...8...9...10transfers 432, max 20
transfer lists:   0.0 megs
0...1...2...3...4...5...6...7...8...9...10	Bounce #1 added RGB(0, 0, 0)
Build Patch/Sample Hash Table(s).....Done<0.0000 sec>
0...1...2...3...4...5...6...7...8...9...10FinalLightFace Done
0 of 0 (0% of) surface lights went in leaf ambient cubes.
0...1...2...3...4...5...6...7...8...9...10Writing leaf ambient...done
Ready to Finish

Object names       Objects/Maxobjs  Memory / Maxmem  Fullness 
------------       ---------------  ---------------  -------- 
models                   2/1024           96/49152    ( 0.2%) 
brushes                  7/8192           84/98304    ( 0.1%) 
brushsides              42/65536         336/524288   ( 0.1%) 
planes                  74/65536        1480/1310720  ( 0.1%) 
vertexes                49/65536         588/786432   ( 0.1%) 
nodes                   43/65536        1376/2097152  ( 0.1%) 
texinfos                 6/12288         432/884736   ( 0.0%) 
texdata                  2/2048           64/65536    ( 0.1%) 
dispinfos                0/0               0/0        ( 0.0%) 
disp_verts               0/0               0/0        ( 0.0%) 
disp_tris                0/0               0/0        ( 0.0%) 
disp_lmsamples           0/0               0/0        ( 0.0%) 
faces                   28/65536        1568/3670016  ( 0.0%) 
hdr faces                0/65536           0/3670016  ( 0.0%) 
origfaces               12/65536         672/3670016  ( 0.0%) 
leaves                  46/65536        1472/2097152  ( 0.1%) 
leaffaces               28/65536          56/131072   ( 0.0%) 
leafbrushes             23/65536          46/131072   ( 0.0%) 
areas                    2/256            16/2048     ( 0.8%) 
surfedges              160/512000        640/2048000  ( 0.0%) 
edges                   93/256000        372/1024000  ( 0.0%) 
LDR worldlights          0/8192            0/720896   ( 0.0%) 
HDR worldlights          0/8192            0/720896   ( 0.0%) 
leafwaterdata            0/32768           0/393216   ( 0.0%) 
waterstrips              0/32768           0/327680   ( 0.0%) 
waterverts               0/65536           0/786432   ( 0.0%) 
waterindices             0/65536           0/131072   ( 0.0%) 
cubemapsamples           0/1024            0/16384    ( 0.0%) 
overlays                 0/512             0/180224   ( 0.0%) 
LDR lightdata         [variable]           0/0        ( 0.0%) 
HDR lightdata         [variable]           0/0        ( 0.0%) 
visdata               [variable]          64/16777216 ( 0.0%) 
entdata               [variable]        1456/393216   ( 0.4%) 
LDR ambient table       46/65536         184/262144   ( 0.1%) 
HDR ambient table       46/65536         184/262144   ( 0.1%) 
LDR leaf ambient        12/65536         336/1835008  ( 0.0%) 
HDR leaf ambient        46/65536        1288/1835008  ( 0.1%) 
occluders                0/0               0/0        ( 0.0%) 
occluder polygons        0/0               0/0        ( 0.0%) 
occluder vert ind        0/0               0/0        ( 0.0%) 
detail props          [variable]           1/12       ( 8.3%) 
static props          [variable]           1/12       ( 8.3%) 
pakfile               [variable]      105647/0        ( 0.0%) 
physics               [variable]        2836/4194304  ( 0.1%) 
physics terrain       [variable]           2/1048576  ( 0.0%) 

Level flags = 0

Total triangle count: 56
Writing e:\map 1\map2.bsp
0 seconds elapsed



materialPath: D:\SteamLibrary\steamapps\common\Half-Life 2\hl2\materials
Loading e:\map 1\map2.vmf
ConVarRef mat_reduceparticles doesn't point to an existing ConVar
Could not locate 'GameData' key in d:\steamlibrary\steamapps\common\half-life 2\hl2\gameinfo.txt
fixing up env_cubemap materials on brush sides...
0...1...2...3...4...5...6...7...8...9...100...1...2...3...4...5...6...7...8...9...10Processing areas...done (0)
Building Faces...done (0)
FixTjuncs...
PruneNodes...
WriteBSP...
done (0)
writing e:\map 1\map2.prt...Building visibility clusters...
done (0)
Creating default LDR cubemaps for env_cubemap using skybox materials:
   skybox/sky_day01_01*.vmt
 ! Run buildcubemaps in the engine to get the correct cube maps.
Creating default HDR cubemaps for env_cubemap using skybox materials:
   skybox/sky_day01_01*.vmt
 ! Run buildcubemaps in the engine to get the correct cube maps.
Finding displacement neighbors...
Finding lightmap sample positions...
Displacement Alpha : 0...1...2...3...4...5...6...7...8...9...10
Building Physics collision data...
done (0) (2836 bytes)
Placing detail props : 0...1...2...3...4...5...6...7...8...9...10
Compacting texture/material tables...
Reduced 9 texinfos to 6
Reduced 2 texdatas to 2 (45 bytes to 45)
Writing e:\map 1\map2.bsp
0 seconds elapsed



8 threads
reading e:\map 1\map2.bsp
reading e:\map 1\map2.prt
   6 portalclusters
   7 numportals
0...1...2...3...4...5...6...7...8...9...100...1...2...3...4...5...6...7...8...9...10Optimized: 0 visible clusters (0.00%)
Total clusters visible: 36
Average clusters visible: 6
Building PAS...
Average clusters audible: 6
visdatasize:64  compressed from 96
writing e:\map 1\map2.bsp
0 seconds elapsed



[Reading texlights from 'lights.rad']
[45 texlights parsed from 'lights.rad']

Loading e:\map 1\map2.bsp
28 faces
42135 square feet [6067456.00 square inches]
0 Displacements
0 Square Feet [0.00 Square Inches]
28 patches before subdivision
28 patches after subdivision
0 direct lights
0...1...2...3...4...5...6...7...8...9...100...1...2...3...4...5...6...7...8...9...10transfers 432, max 20
transfer lists:   0.0 megs
0...1...2...3...4...5...6...7...8...9...10	Bounce #1 added RGB(0, 0, 0)
Build Patch/Sample Hash Table(s).....Done<0.0000 sec>
0...1...2...3...4...5...6...7...8...9...10FinalLightFace Done
0 of 0 (0% of) surface lights went in leaf ambient cubes.
0...1...2...3...4...5...6...7...8...9...10Writing leaf ambient...done
Ready to Finish

Object names       Objects/Maxobjs  Memory / Maxmem  Fullness 
------------       ---------------  ---------------  -------- 
models                   2/1024           96/49152    ( 0.2%) 
brushes                  7/8192           84/98304    ( 0.1%) 
brushsides              42/65536         336/524288   ( 0.1%) 
planes                  74/65536        1480/1310720  ( 0.1%) 
vertexes                49/65536         588/786432   ( 0.1%) 
nodes                   43/65536        1376/2097152  ( 0.1%) 
texinfos                 6/12288         432/884736   ( 0.0%) 
texdata                  2/2048           64/65536    ( 0.1%) 
dispinfos                0/0               0/0        ( 0.0%) 
disp_verts               0/0               0/0        ( 0.0%) 
disp_tris                0/0               0/0        ( 0.0%) 
disp_lmsamples           0/0               0/0        ( 0.0%) 
faces                   28/65536        1568/3670016  ( 0.0%) 
hdr faces                0/65536           0/3670016  ( 0.0%) 
origfaces               12/65536         672/3670016  ( 0.0%) 
leaves                  46/65536        1472/2097152  ( 0.1%) 
leaffaces               28/65536          56/131072   ( 0.0%) 
leafbrushes             23/65536          46/131072   ( 0.0%) 
areas                    2/256            16/2048     ( 0.8%) 
surfedges              160/512000        640/2048000  ( 0.0%) 
edges                   93/256000        372/1024000  ( 0.0%) 
LDR worldlights          0/8192            0/720896   ( 0.0%) 
HDR worldlights          0/8192            0/720896   ( 0.0%) 
leafwaterdata            0/32768           0/393216   ( 0.0%) 
waterstrips              0/32768           0/327680   ( 0.0%) 
waterverts               0/65536           0/786432   ( 0.0%) 
waterindices             0/65536           0/131072   ( 0.0%) 
cubemapsamples           0/1024            0/16384    ( 0.0%) 
overlays                 0/512             0/180224   ( 0.0%) 
LDR lightdata         [variable]           0/0        ( 0.0%) 
HDR lightdata         [variable]           0/0        ( 0.0%) 
visdata               [variable]          64/16777216 ( 0.0%) 
entdata               [variable]        1422/393216   ( 0.4%) 
LDR ambient table       46/65536         184/262144   ( 0.1%) 
HDR ambient table       46/65536         184/262144   ( 0.1%) 
LDR leaf ambient        12/65536         336/1835008  ( 0.0%) 
HDR leaf ambient        46/65536        1288/1835008  ( 0.1%) 
occluders                0/0               0/0        ( 0.0%) 
occluder polygons        0/0               0/0        ( 0.0%) 
occluder vert ind        0/0               0/0        ( 0.0%) 
detail props          [variable]           1/12       ( 8.3%) 
static props          [variable]           1/12       ( 8.3%) 
pakfile               [variable]      105647/0        ( 0.0%) 
physics               [variable]        2836/4194304  ( 0.1%) 
physics terrain       [variable]           2/1048576  ( 0.0%) 

Level flags = 0

Total triangle count: 56
Writing e:\map 1\map2.bsp
1 second elapsed



materialPath: D:\SteamLibrary\steamapps\common\Half-Life 2\hl2\materials
Loading e:\map 1\map2.vmf
ConVarRef mat_reduceparticles doesn't point to an existing ConVar
Could not locate 'GameData' key in d:\steamlibrary\steamapps\common\half-life 2\hl2\gameinfo.txt
fixing up env_cubemap materials on brush sides...
0...1...2...3...4...5...6...7...8...9...100...1...2...3...4...5...6...7...8...9...10Processing areas...done (0)
Building Faces...done (0)
FixTjuncs...
PruneNodes...
WriteBSP...
done (0)
writing e:\map 1\map2.prt...Building visibility clusters...
done (0)
Creating default LDR cubemaps for env_cubemap using skybox materials:
   skybox/sky_day01_01*.vmt
 ! Run buildcubemaps in the engine to get the correct cube maps.
Creating default HDR cubemaps for env_cubemap using skybox materials:
   skybox/sky_day01_01*.vmt
 ! Run buildcubemaps in the engine to get the correct cube maps.
Finding displacement neighbors...
Finding lightmap sample positions...
Displacement Alpha : 0...1...2...3...4...5...6...7...8...9...10
Building Physics collision data...
done (0) (2836 bytes)
Placing detail props : 0...1...2...3...4...5...6...7...8...9...10
Compacting texture/material tables...
Reduced 9 texinfos to 6
Reduced 2 texdatas to 2 (45 bytes to 45)
Writing e:\map 1\map2.bsp
0 seconds elapsed



8 threads
reading e:\map 1\map2.bsp
reading e:\map 1\map2.prt
   6 portalclusters
   7 numportals
0...1...2...3...4...5...6...7...8...9...100...1...2...3...4...5...6...7...8...9...10Optimized: 0 visible clusters (0.00%)
Total clusters visible: 36
Average clusters visible: 6
Building PAS...
Average clusters audible: 6
visdatasize:64  compressed from 96
writing e:\map 1\map2.bsp
0 seconds elapsed



[Reading texlights from 'lights.rad']
[45 texlights parsed from 'lights.rad']

Loading e:\map 1\map2.bsp
28 faces
42135 square feet [6067456.00 square inches]
0 Displacements
0 Square Feet [0.00 Square Inches]
28 patches before subdivision
28 patches after subdivision
0 direct lights
0...1...2...3...4...5...6...7...8...9...100...1...2...3...4...5...6...7...8...9...10transfers 432, max 20
transfer lists:   0.0 megs
0...1...2...3...4...5...6...7...8...9...10	Bounce #1 added RGB(0, 0, 0)
Build Patch/Sample Hash Table(s).....Done<0.0000 sec>
0...1...2...3...4...5...6...7...8...9...10FinalLightFace Done
0 of 0 (0% of) surface lights went in leaf ambient cubes.
0...1...2...3...4...5...6...7...8...9...10Writing leaf ambient...done
Ready to Finish

Object names       Objects/Maxobjs  Memory / Maxmem  Fullness 
------------       ---------------  ---------------  -------- 
models                   2/1024           96/49152    ( 0.2%) 
brushes                  7/8192           84/98304    ( 0.1%) 
brushsides              42/65536         336/524288   ( 0.1%) 
planes                  74/65536        1480/1310720  ( 0.1%) 
vertexes                49/65536         588/786432   ( 0.1%) 
nodes                   43/65536        1376/2097152  ( 0.1%) 
texinfos                 6/12288         432/884736   ( 0.0%) 
texdata                  2/2048           64/65536    ( 0.1%) 
dispinfos                0/0               0/0        ( 0.0%) 
disp_verts               0/0               0/0        ( 0.0%) 
disp_tris                0/0               0/0        ( 0.0%) 
disp_lmsamples           0/0               0/0        ( 0.0%) 
faces                   28/65536        1568/3670016  ( 0.0%) 
hdr faces                0/65536           0/3670016  ( 0.0%) 
origfaces               12/65536         672/3670016  ( 0.0%) 
leaves                  46/65536        1472/2097152  ( 0.1%) 
leaffaces               28/65536          56/131072   ( 0.0%) 
leafbrushes             23/65536          46/131072   ( 0.0%) 
areas                    2/256            16/2048     ( 0.8%) 
surfedges              160/512000        640/2048000  ( 0.0%) 
edges                   93/256000        372/1024000  ( 0.0%) 
LDR worldlights          0/8192            0/720896   ( 0.0%) 
HDR worldlights          0/8192            0/720896   ( 0.0%) 
leafwaterdata            0/32768           0/393216   ( 0.0%) 
waterstrips              0/32768           0/327680   ( 0.0%) 
waterverts               0/65536           0/786432   ( 0.0%) 
waterindices             0/65536           0/131072   ( 0.0%) 
cubemapsamples           0/1024            0/16384    ( 0.0%) 
overlays                 0/512             0/180224   ( 0.0%) 
LDR lightdata         [variable]           0/0        ( 0.0%) 
HDR lightdata         [variable]           0/0        ( 0.0%) 
visdata               [variable]          64/16777216 ( 0.0%) 
entdata               [variable]        1414/393216   ( 0.4%) 
LDR ambient table       46/65536         184/262144   ( 0.1%) 
HDR ambient table       46/65536         184/262144   ( 0.1%) 
LDR leaf ambient        12/65536         336/1835008  ( 0.0%) 
HDR leaf ambient        46/65536        1288/1835008  ( 0.1%) 
occluders                0/0               0/0        ( 0.0%) 
occluder polygons        0/0               0/0        ( 0.0%) 
occluder vert ind        0/0               0/0        ( 0.0%) 
detail props          [variable]           1/12       ( 8.3%) 
static props          [variable]           1/12       ( 8.3%) 
pakfile               [variable]      105647/0        ( 0.0%) 
physics               [variable]        2836/4194304  ( 0.1%) 
physics terrain       [variable]           2/1048576  ( 0.0%) 

Level flags = 0

Total triangle count: 56
Writing e:\map 1\map2.bsp
1 second elapsed



materialPath: D:\SteamLibrary\steamapps\common\Half-Life 2\hl2\materials
Loading e:\map 1\map2.vmf
ConVarRef mat_reduceparticles doesn't point to an existing ConVar
Could not locate 'GameData' key in d:\steamlibrary\steamapps\common\half-life 2\hl2\gameinfo.txt
fixing up env_cubemap materials on brush sides...
0...1...2...3...4...5...6...7...8...9...100...1...2...3...4...5...6...7...8...9...10Processing areas...done (0)
Building Faces...done (0)
FixTjuncs...
PruneNodes...
WriteBSP...
done (0)
writing e:\map 1\map2.prt...Building visibility clusters...
done (0)
Creating default LDR cubemaps for env_cubemap using skybox materials:
   skybox/sky_day01_01*.vmt
 ! Run buildcubemaps in the engine to get the correct cube maps.
Creating default HDR cubemaps for env_cubemap using skybox materials:
   skybox/sky_day01_01*.vmt
 ! Run buildcubemaps in the engine to get the correct cube maps.
Finding displacement neighbors...
Finding lightmap sample positions...
Displacement Alpha : 0...1...2...3...4...5...6...7...8...9...10
Building Physics collision data...
done (0) (2836 bytes)
Placing detail props : 0...1...2...3...4...5...6...7...8...9...10
Compacting texture/material tables...
Reduced 9 texinfos to 6
Reduced 2 texdatas to 2 (45 bytes to 45)
Writing e:\map 1\map2.bsp
0 seconds elapsed



8 threads
reading e:\map 1\map2.bsp
reading e:\map 1\map2.prt
   6 portalclusters
   7 numportals
0...1...2...3...4...5...6...7...8...9...100...1...2...3...4...5...6...7...8...9...10Optimized: 0 visible clusters (0.00%)
Total clusters visible: 36
Average clusters visible: 6
Building PAS...
Average clusters audible: 6
visdatasize:64  compressed from 96
writing e:\map 1\map2.bsp
0 seconds elapsed



[Reading texlights from 'lights.rad']
[45 texlights parsed from 'lights.rad']

Loading e:\map 1\map2.bsp
28 faces
42135 square feet [6067456.00 square inches]
0 Displacements
0 Square Feet [0.00 Square Inches]
28 patches before subdivision
28 patches after subdivision
0 direct lights
0...1...2...3...4...5...6...7...8...9...100...1...2...3...4...5...6...7...8...9...10transfers 432, max 20
transfer lists:   0.0 megs
0...1...2...3...4...5...6...7...8...9...10	Bounce #1 added RGB(0, 0, 0)
Build Patch/Sample Hash Table(s).....Done<0.0000 sec>
0...1...2...3...4...5...6...7...8...9...10FinalLightFace Done
0 of 0 (0% of) surface lights went in leaf ambient cubes.
0...1...2...3...4...5...6...7...8...9...10Writing leaf ambient...done
Ready to Finish

Object names       Objects/Maxobjs  Memory / Maxmem  Fullness 
------------       ---------------  ---------------  -------- 
models                   2/1024           96/49152    ( 0.2%) 
brushes                  7/8192           84/98304    ( 0.1%) 
brushsides              42/65536         336/524288   ( 0.1%) 
planes                  74/65536        1480/1310720  ( 0.1%) 
vertexes                49/65536         588/786432   ( 0.1%) 
nodes                   43/65536        1376/2097152  ( 0.1%) 
texinfos                 6/12288         432/884736   ( 0.0%) 
texdata                  2/2048           64/65536    ( 0.1%) 
dispinfos                0/0               0/0        ( 0.0%) 
disp_verts               0/0               0/0        ( 0.0%) 
disp_tris                0/0               0/0        ( 0.0%) 
disp_lmsamples           0/0               0/0        ( 0.0%) 
faces                   28/65536        1568/3670016  ( 0.0%) 
hdr faces                0/65536           0/3670016  ( 0.0%) 
origfaces               12/65536         672/3670016  ( 0.0%) 
leaves                  46/65536        1472/2097152  ( 0.1%) 
leaffaces               28/65536          56/131072   ( 0.0%) 
leafbrushes             23/65536          46/131072   ( 0.0%) 
areas                    2/256            16/2048     ( 0.8%) 
surfedges              160/512000        640/2048000  ( 0.0%) 
edges                   93/256000        372/1024000  ( 0.0%) 
LDR worldlights          0/8192            0/720896   ( 0.0%) 
HDR worldlights          0/8192            0/720896   ( 0.0%) 
leafwaterdata            0/32768           0/393216   ( 0.0%) 
waterstrips              0/32768           0/327680   ( 0.0%) 
waterverts               0/65536           0/786432   ( 0.0%) 
waterindices             0/65536           0/131072   ( 0.0%) 
cubemapsamples           0/1024            0/16384    ( 0.0%) 
overlays                 0/512             0/180224   ( 0.0%) 
LDR lightdata         [variable]           0/0        ( 0.0%) 
HDR lightdata         [variable]           0/0        ( 0.0%) 
visdata               [variable]          64/16777216 ( 0.0%) 
entdata               [variable]        1414/393216   ( 0.4%) 
LDR ambient table       46/65536         184/262144   ( 0.1%) 
HDR ambient table       46/65536         184/262144   ( 0.1%) 
LDR leaf ambient        12/65536         336/1835008  ( 0.0%) 
HDR leaf ambient        46/65536        1288/1835008  ( 0.1%) 
occluders                0/0               0/0        ( 0.0%) 
occluder polygons        0/0               0/0        ( 0.0%) 
occluder vert ind        0/0               0/0        ( 0.0%) 
detail props          [variable]           1/12       ( 8.3%) 
static props          [variable]           1/12       ( 8.3%) 
pakfile               [variable]      105647/0        ( 0.0%) 
physics               [variable]        2836/4194304  ( 0.1%) 
physics terrain       [variable]           2/1048576  ( 0.0%) 

Level flags = 0

Total triangle count: 56
Writing e:\map 1\map2.bsp
1 second elapsed



materialPath: D:\SteamLibrary\steamapps\common\Half-Life 2\hl2\materials
Loading e:\map 1\map2.vmf
ConVarRef mat_reduceparticles doesn't point to an existing ConVar
Could not locate 'GameData' key in d:\steamlibrary\steamapps\common\half-life 2\hl2\gameinfo.txt
fixing up env_cubemap materials on brush sides...
0...1...2...3...4...5...6...7...8...9...100...1...2...3...4...5...6...7...8...9...10Processing areas...done (0)
Building Faces...done (0)
FixTjuncs...
PruneNodes...
WriteBSP...
done (0)
writing e:\map 1\map2.prt...Building visibility clusters...
done (0)
Creating default LDR cubemaps for env_cubemap using skybox materials:
   skybox/sky_day01_01*.vmt
 ! Run buildcubemaps in the engine to get the correct cube maps.
Creating default HDR cubemaps for env_cubemap using skybox materials:
   skybox/sky_day01_01*.vmt
 ! Run buildcubemaps in the engine to get the correct cube maps.
Finding displacement neighbors...
Finding lightmap sample positions...
Displacement Alpha : 0...1...2...3...4...5...6...7...8...9...10
Building Physics collision data...
done (0) (12270 bytes)
Placing detail props : 0...1...2...3...4...5...6...7...8...9...10
Compacting texture/material tables...
Reduced 23 texinfos to 15
Reduced 5 texdatas to 5 (111 bytes to 111)
Writing e:\map 1\map2.bsp
1 second elapsed



8 threads
reading e:\map 1\map2.bsp
reading e:\map 1\map2.prt
  34 portalclusters
  86 numportals
0...1...2...3...4...5...6...7...8...9...100...1...2...3...4...5...6...7...8...9...10Optimized: 0 visible clusters (0.00%)
Total clusters visible: 1096
Average clusters visible: 32
Building PAS...
Average clusters audible: 34
visdatasize:617  compressed from 544
writing e:\map 1\map2.bsp
2 seconds elapsed



[Reading texlights from 'lights.rad']
[45 texlights parsed from 'lights.rad']

Loading e:\map 1\map2.bsp
103 faces
1190 square feet [171407.64 square inches]
0 Displacements
0 Square Feet [0.00 Square Inches]
103 patches before subdivision
265 patches after subdivision
0 direct lights
0...1...2...3...4...5...6...7...8...9...100...1...2...3...4...5...6...7...8...9...10transfers 14498, max 117
transfer lists:   0.1 megs
0...1...2...3...4...5...6...7...8...9...10	Bounce #1 added RGB(0, 0, 0)
Build Patch/Sample Hash Table(s).....Done<0.0001 sec>
0...1...2...3...4...5...6...7...8...9...10FinalLightFace Done
0 of 0 (0% of) surface lights went in leaf ambient cubes.
0...1...2...3...4...5...6...7...8...9...10Writing leaf ambient...done
Ready to Finish

Object names       Objects/Maxobjs  Memory / Maxmem  Fullness 
------------       ---------------  ---------------  -------- 
models                   2/1024           96/49152    ( 0.2%) 
brushes                 34/8192          408/98304    ( 0.4%) 
brushsides             204/65536        1632/524288   ( 0.3%) 
planes                 162/65536        3240/1310720  ( 0.2%) 
vertexes               211/65536        2532/786432   ( 0.3%) 
nodes                  117/65536        3744/2097152  ( 0.2%) 
texinfos                15/12288        1080/884736   ( 0.1%) 
texdata                  5/2048          160/65536    ( 0.2%) 
dispinfos                0/0               0/0        ( 0.0%) 
disp_verts               0/0               0/0        ( 0.0%) 
disp_tris                0/0               0/0        ( 0.0%) 
disp_lmsamples           0/0               0/0        ( 0.0%) 
faces                  103/65536        5768/3670016  ( 0.2%) 
hdr faces                0/65536           0/3670016  ( 0.0%) 
origfaces               47/65536        2632/3670016  ( 0.1%) 
leaves                 120/65536        3840/2097152  ( 0.2%) 
leaffaces              116/65536         232/131072   ( 0.2%) 
leafbrushes            190/65536         380/131072   ( 0.3%) 
areas                    2/256            16/2048     ( 0.8%) 
surfedges              666/512000       2664/2048000  ( 0.1%) 
edges                  400/256000       1600/1024000  ( 0.2%) 
LDR worldlights          0/8192            0/720896   ( 0.0%) 
HDR worldlights          0/8192            0/720896   ( 0.0%) 
leafwaterdata            0/32768           0/393216   ( 0.0%) 
waterstrips              6/32768          60/327680   ( 0.0%) 
waterverts               0/65536           0/786432   ( 0.0%) 
waterindices            81/65536         162/131072   ( 0.1%) 
cubemapsamples           0/1024            0/16384    ( 0.0%) 
overlays                 0/512             0/180224   ( 0.0%) 
LDR lightdata         [variable]        8068/0        ( 0.0%) 
HDR lightdata         [variable]           0/0        ( 0.0%) 
visdata               [variable]         617/16777216 ( 0.0%) 
entdata               [variable]        2339/393216   ( 0.6%) 
LDR ambient table      120/65536         480/262144   ( 0.2%) 
HDR ambient table      120/65536         480/262144   ( 0.2%) 
LDR leaf ambient        40/65536        1120/1835008  ( 0.1%) 
HDR leaf ambient       120/65536        3360/1835008  ( 0.2%) 
occluders                0/0               0/0        ( 0.0%) 
occluder polygons        0/0               0/0        ( 0.0%) 
occluder vert ind        0/0               0/0        ( 0.0%) 
detail props          [variable]           1/12       ( 8.3%) 
static props          [variable]           1/12       ( 8.3%) 
pakfile               [variable]      105647/0        ( 0.0%) 
physics               [variable]       12270/4194304  ( 0.3%) 
physics terrain       [variable]           2/1048576  ( 0.0%) 

Level flags = 0

Total triangle count: 272
Writing e:\map 1\map2.bsp
2 seconds elapsed



materialPath: D:\SteamLibrary\steamapps\common\Half-Life 2\hl2\materials
Loading e:\map 1\map2.vmf
ConVarRef mat_reduceparticles doesn't point to an existing ConVar
Could not locate 'GameData' key in d:\steamlibrary\steamapps\common\half-life 2\hl2\gameinfo.txt
fixing up env_cubemap materials on brush sides...
0...1...2...3...4...5...6...7...8...9...100...1...2...3...4...5...6...7...8...9...10Processing areas...done (0)
Building Faces...done (0)
FixTjuncs...
PruneNodes...
WriteBSP...
done (0)
writing e:\map 1\map2.prt...Building visibility clusters...
done (1)
Creating default LDR cubemaps for env_cubemap using skybox materials:
   skybox/sky_day01_01*.vmt
 ! Run buildcubemaps in the engine to get the correct cube maps.
Creating default HDR cubemaps for env_cubemap using skybox materials:
   skybox/sky_day01_01*.vmt
 ! Run buildcubemaps in the engine to get the correct cube maps.
Finding displacement neighbors...
Finding lightmap sample positions...
Displacement Alpha : 0...1...2...3...4...5...6...7...8...9...10
Building Physics collision data...
done (0) (12823 bytes)
Placing detail props : 0...1...2...3...4...5...6...7...8...9...10
Compacting texture/material tables...
Reduced 29 texinfos to 18
Reduced 5 texdatas to 5 (111 bytes to 111)
Writing e:\map 1\map2.bsp
4 seconds elapsed



8 threads
reading e:\map 1\map2.bsp
reading e:\map 1\map2.prt
  34 portalclusters
  86 numportals
0...1...2...3...4...5...6...7...8...9...100...1...2...3...4...5...6...7...8...9...10Optimized: 0 visible clusters (0.00%)
Total clusters visible: 1096
Average clusters visible: 32
Building PAS...
Average clusters audible: 34
visdatasize:617  compressed from 544
writing e:\map 1\map2.bsp
2 seconds elapsed



[Reading texlights from 'lights.rad']
[45 texlights parsed from 'lights.rad']

Loading e:\map 1\map2.bsp
109 faces
1402 square feet [201989.64 square inches]
0 Displacements
0 Square Feet [0.00 Square Inches]
109 patches before subdivision
271 patches after subdivision
1 direct lights
0...1...2...3...4...5...6...7...8...9...100...1...2...3...4...5...6...7...8...9...10transfers 14686, max 117
transfer lists:   0.1 megs
0...1...2...3...4...5...6...7...8...9...10	Bounce #1 added RGB(313, 120, 98)
0...1...2...3...4...5...6...7...8...9...10	Bounce #2 added RGB(82, 24, 18)
0...1...2...3...4...5...6...7...8...9...10	Bounce #3 added RGB(12, 2, 1)
0...1...2...3...4...5...6...7...8...9...10	Bounce #4 added RGB(3, 0, 0)
0...1...2...3...4...5...6...7...8...9...10	Bounce #5 added RGB(0, 0, 0)
Build Patch/Sample Hash Table(s).....Done<0.0001 sec>
0...1...2...3...4...5...6...7...8...9...10FinalLightFace Done
0 of 0 (0% of) surface lights went in leaf ambient cubes.
0...1...2...3...4...5...6...7...8...9...10Writing leaf ambient...done
Ready to Finish

Object names       Objects/Maxobjs  Memory / Maxmem  Fullness 
------------       ---------------  ---------------  -------- 
models                   3/1024          144/49152    ( 0.3%) 
brushes                 35/8192          420/98304    ( 0.4%) 
brushsides             210/65536        1680/524288   ( 0.3%) 
planes                 176/65536        3520/1310720  ( 0.3%) 
vertexes               219/65536        2628/786432   ( 0.3%) 
nodes                  123/65536        3936/2097152  ( 0.2%) 
texinfos                18/12288        1296/884736   ( 0.1%) 
texdata                  5/2048          160/65536    ( 0.2%) 
dispinfos                0/0               0/0        ( 0.0%) 
disp_verts               0/0               0/0        ( 0.0%) 
disp_tris                0/0               0/0        ( 0.0%) 
disp_lmsamples           0/0               0/0        ( 0.0%) 
faces                  109/65536        6104/3670016  ( 0.2%) 
hdr faces                0/65536           0/3670016  ( 0.0%) 
origfaces               53/65536        2968/3670016  ( 0.1%) 
leaves                 127/65536        4064/2097152  ( 0.2%) 
leaffaces              122/65536         244/131072   ( 0.2%) 
leafbrushes            191/65536         382/131072   ( 0.3%) 
areas                    2/256            16/2048     ( 0.8%) 
surfedges              714/512000       2856/2048000  ( 0.1%) 
edges                  424/256000       1696/1024000  ( 0.2%) 
LDR worldlights          1/8192           88/720896   ( 0.0%) 
HDR worldlights          0/8192            0/720896   ( 0.0%) 
leafwaterdata            0/32768           0/393216   ( 0.0%) 
waterstrips              6/32768          60/327680   ( 0.0%) 
waterverts               0/65536           0/786432   ( 0.0%) 
waterindices            81/65536         162/131072   ( 0.1%) 
cubemapsamples           0/1024            0/16384    ( 0.0%) 
overlays                 0/512             0/180224   ( 0.0%) 
LDR lightdata         [variable]        8068/0        ( 0.0%) 
HDR lightdata         [variable]           0/0        ( 0.0%) 
visdata               [variable]         617/16777216 ( 0.0%) 
entdata               [variable]        3514/393216   ( 0.9%) 
LDR ambient table      127/65536         508/262144   ( 0.2%) 
HDR ambient table      127/65536         508/262144   ( 0.2%) 
LDR leaf ambient       104/65536        2912/1835008  ( 0.2%) 
HDR leaf ambient       127/65536        3556/1835008  ( 0.2%) 
occluders                0/0               0/0        ( 0.0%) 
occluder polygons        0/0               0/0        ( 0.0%) 
occluder vert ind        0/0               0/0        ( 0.0%) 
detail props          [variable]           1/12       ( 8.3%) 
static props          [variable]           1/12       ( 8.3%) 
pakfile               [variable]      105647/0        ( 0.0%) 
physics               [variable]       12823/4194304  ( 0.3%) 
physics terrain       [variable]           2/1048576  ( 0.0%) 

Level flags = 0

Total triangle count: 284
Writing e:\map 1\map2.bsp
3 seconds elapsed



materialPath: D:\SteamLibrary\steamapps\common\Half-Life 2\hl2\materials
Loading e:\map 1\map2.vmf
ConVarRef mat_reduceparticles doesn't point to an existing ConVar
Could not locate 'GameData' key in d:\steamlibrary\steamapps\common\half-life 2\hl2\gameinfo.txt
fixing up env_cubemap materials on brush sides...
0...1...2...3...4...5...6...7...8...9...100...1...2...3...4...5...6...7...8...9...10Processing areas...done (0)
Building Faces...done (0)
FixTjuncs...
PruneNodes...
WriteBSP...
done (0)
writing e:\map 1\map2.prt...Building visibility clusters...
done (2)
Creating default LDR cubemaps for env_cubemap using skybox materials:
   skybox/sky_day01_01*.vmt
 ! Run buildcubemaps in the engine to get the correct cube maps.
Creating default HDR cubemaps for env_cubemap using skybox materials:
   skybox/sky_day01_01*.vmt
 ! Run buildcubemaps in the engine to get the correct cube maps.
Finding displacement neighbors...
Finding lightmap sample positions...
Displacement Alpha : 0...1...2...3...4...5...6...7...8...9...10
Building Physics collision data...
done (0) (12823 bytes)
Placing detail props : 0...1...2...3...4...5...6...7...8...9...10
Compacting texture/material tables...
Reduced 29 texinfos to 18
Reduced 5 texdatas to 5 (111 bytes to 111)
Writing e:\map 1\map2.bsp
4 seconds elapsed



8 threads
reading e:\map 1\map2.bsp
reading e:\map 1\map2.prt
  34 portalclusters
  86 numportals
0...1...2...3...4...5...6...7...8...9...100...1...2...3...4...5...6...7...8...9...10Optimized: 0 visible clusters (0.00%)
Total clusters visible: 1096
Average clusters visible: 32
Building PAS...
Average clusters audible: 34
visdatasize:617  compressed from 544
writing e:\map 1\map2.bsp
2 seconds elapsed



[Reading texlights from 'lights.rad']
[45 texlights parsed from 'lights.rad']

Loading e:\map 1\map2.bsp
109 faces
1402 square feet [201989.64 square inches]
0 Displacements
0 Square Feet [0.00 Square Inches]
109 patches before subdivision
271 patches after subdivision
1 direct lights
0...1...2...3...4...5...6...7...8...9...100...1...2...3...4...5...6...7...8...9...10transfers 14686, max 117
transfer lists:   0.1 megs
0...1...2...3...4...5...6...7...8...9...10	Bounce #1 added RGB(313, 120, 98)
0...1...2...3...4...5...6...7...8...9...10	Bounce #2 added RGB(82, 24, 18)
0...1...2...3...4...5...6...7...8...9...10	Bounce #3 added RGB(12, 2, 1)
0...1...2...3...4...5...6...7...8...9...10	Bounce #4 added RGB(3, 0, 0)
0...1...2...3...4...5...6...7...8...9...10	Bounce #5 added RGB(0, 0, 0)
Build Patch/Sample Hash Table(s).....Done<0.0001 sec>
0...1...2...3...4...5...6...7...8...9...10FinalLightFace Done
0 of 0 (0% of) surface lights went in leaf ambient cubes.
0...1...2...3...4...5...6...7...8...9...10Writing leaf ambient...done
Ready to Finish

Object names       Objects/Maxobjs  Memory / Maxmem  Fullness 
------------       ---------------  ---------------  -------- 
models                   3/1024          144/49152    ( 0.3%) 
brushes                 35/8192          420/98304    ( 0.4%) 
brushsides             210/65536        1680/524288   ( 0.3%) 
planes                 176/65536        3520/1310720  ( 0.3%) 
vertexes               219/65536        2628/786432   ( 0.3%) 
nodes                  123/65536        3936/2097152  ( 0.2%) 
texinfos                18/12288        1296/884736   ( 0.1%) 
texdata                  5/2048          160/65536    ( 0.2%) 
dispinfos                0/0               0/0        ( 0.0%) 
disp_verts               0/0               0/0        ( 0.0%) 
disp_tris                0/0               0/0        ( 0.0%) 
disp_lmsamples           0/0               0/0        ( 0.0%) 
faces                  109/65536        6104/3670016  ( 0.2%) 
hdr faces                0/65536           0/3670016  ( 0.0%) 
origfaces               53/65536        2968/3670016  ( 0.1%) 
leaves                 127/65536        4064/2097152  ( 0.2%) 
leaffaces              122/65536         244/131072   ( 0.2%) 
leafbrushes            191/65536         382/131072   ( 0.3%) 
areas                    2/256            16/2048     ( 0.8%) 
surfedges              714/512000       2856/2048000  ( 0.1%) 
edges                  424/256000       1696/1024000  ( 0.2%) 
LDR worldlights          1/8192           88/720896   ( 0.0%) 
HDR worldlights          0/8192            0/720896   ( 0.0%) 
leafwaterdata            0/32768           0/393216   ( 0.0%) 
waterstrips              6/32768          60/327680   ( 0.0%) 
waterverts               0/65536           0/786432   ( 0.0%) 
waterindices            81/65536         162/131072   ( 0.1%) 
cubemapsamples           0/1024            0/16384    ( 0.0%) 
overlays                 0/512             0/180224   ( 0.0%) 
LDR lightdata         [variable]        8068/0        ( 0.0%) 
HDR lightdata         [variable]           0/0        ( 0.0%) 
visdata               [variable]         617/16777216 ( 0.0%) 
entdata               [variable]        3516/393216   ( 0.9%) 
LDR ambient table      127/65536         508/262144   ( 0.2%) 
HDR ambient table      127/65536         508/262144   ( 0.2%) 
LDR leaf ambient       104/65536        2912/1835008  ( 0.2%) 
HDR leaf ambient       127/65536        3556/1835008  ( 0.2%) 
occluders                0/0               0/0        ( 0.0%) 
occluder polygons        0/0               0/0        ( 0.0%) 
occluder vert ind        0/0               0/0        ( 0.0%) 
detail props          [variable]           1/12       ( 8.3%) 
static props          [variable]           1/12       ( 8.3%) 
pakfile               [variable]      105647/0        ( 0.0%) 
physics               [variable]       12823/4194304  ( 0.3%) 
physics terrain       [variable]           2/1048576  ( 0.0%) 

Level flags = 0

Total triangle count: 284
Writing e:\map 1\map2.bsp
3 seconds elapsed
